<?xml version="1.0" encoding="UTF-8"?>
<!-- Generated by org.testng.reporters.JUnitReportReporter -->
<testsuite hostname="DESKTOP-9HOSIS4" failures="0" tests="1" name="API_Chaining.EndToEndTest" time="5.137" errors="0" timestamp="19 Jun 2022 14:23:51 GMT" skipped="0">
  <testcase classname="API_Chaining.EndToEndTest" name="test1" time="5.137"/>
</testsuite> <!-- API_Chaining.EndToEndTest -->
